<?xml version="1.0" encoding="UTF-8"?>
<!-- Generated by org.testng.reporters.JUnitXMLReporter -->
<testsuite ignored="0" hostname="vivek" failures="1" tests="1" name="Test_DGLD_001_HF_US_RegisterUser_Checkout_With_Creditcard" time="19.1" errors="0" timestamp="2025-06-20T13:17:30 IST">
  <testcase classname="testExecute.Test_DGLD_001_HF_US_RegisterUser_Checkout_With_Creditcard" name="Validating_RegisterUser_checkout_Functionality" time="8.581">
    <failure type="java.lang.AssertionError" message="null">
      <![CDATA[java.lang.AssertionError: null
at testExecute.Test_DGLD_001_HF_US_RegisterUser_Checkout_With_Creditcard.Validating_RegisterUser_checkout_Functionality(Test_DGLD_001_HF_US_RegisterUser_Checkout_With_Creditcard.java:58)
at java.base/java.util.concurrent.Executors$RunnableAdapter.call(Executors.java:572)
at java.base/java.util.concurrent.FutureTask.run(FutureTask.java:317)
at java.base/java.util.concurrent.ThreadPoolExecutor.runWorker(ThreadPoolExecutor.java:1144)
at java.base/java.util.concurrent.ThreadPoolExecutor$Worker.run(ThreadPoolExecutor.java:642)
at java.base/java.lang.Thread.run(Thread.java:1583)
... Removed 13 stack frames]]>
    </failure>
  </testcase> <!-- Validating_RegisterUser_checkout_Functionality -->
</testsuite> <!-- Test_DGLD_001_HF_US_RegisterUser_Checkout_With_Creditcard -->
