<?xml version="1.0" encoding="UTF-8"?>
<testng-results ignored="0" total="1" passed="0" failed="1" skipped="0">
  <reporter-output>
  </reporter-output>
  <suite started-at="2025-06-24T18:45:43 IST" name="Default suite" finished-at="2025-06-24T18:46:35 IST" duration-ms="52487">
    <groups>
    </groups>
    <test started-at="2025-06-24T18:45:43 IST" name="Default test" finished-at="2025-06-24T18:46:35 IST" duration-ms="52487">
      <class name="testExecute.Test_DGLD_001_HF_US_RegisterUser_Checkout_With_Creditcard">
        <test-method is-config="true" signature="setupAll()[pri:0, instance:testExecute.Test_DGLD_001_HF_US_RegisterUser_Checkout_With_Creditcard@3562e7c7]" started-at="2025-06-24T18:45:43 IST" name="setupAll" finished-at="2025-06-24T18:45:43 IST" duration-ms="59" status="PASS">
          <reporter-output>
          </reporter-output>
        </test-method> <!-- setupAll -->
        <test-method is-config="true" signature="setupBrowser(java.lang.reflect.Method)[pri:0, instance:testExecute.Test_DGLD_001_HF_US_RegisterUser_Checkout_With_Creditcard@3562e7c7]" started-at="2025-06-24T18:45:43 IST" name="setupBrowser" finished-at="2025-06-24T18:45:50 IST" duration-ms="7313" status="PASS">
          <params>
            <param index="0">
              <value>
                <![CDATA[public void testExecute.Test_DGLD_001_HF_US_RegisterUser_Checkout_With_Creditcard.Validating_RegisterUser_checkout_Functionality()]]>
              </value>
            </param>
          </params>
          <reporter-output>
          </reporter-output>
        </test-method> <!-- setupBrowser -->
        <test-method signature="Validating_RegisterUser_checkout_Functionality()[pri:0, instance:testExecute.Test_DGLD_001_HF_US_RegisterUser_Checkout_With_Creditcard@3562e7c7]" started-at="2025-06-24T18:45:50 IST" name="Validating_RegisterUser_checkout_Functionality" description="Register User Checkout with CC Payment" finished-at="2025-06-24T18:46:33 IST" duration-ms="42209" status="FAIL">
          <exception class="java.lang.AssertionError">
            <message>
              <![CDATA[null]]>
            </message>
            <full-stacktrace>
              <![CDATA[java.lang.AssertionError: null
at org.testng.Assert.fail(Assert.java:111)
at org.testng.Assert.fail(Assert.java:116)
at Testcomponents.Hydroflask_Helper.searchProduct(Hydroflask_Helper.java:76)
at testExecute.Test_DGLD_001_HF_US_RegisterUser_Checkout_With_Creditcard.Validating_RegisterUser_checkout_Functionality(Test_DGLD_001_HF_US_RegisterUser_Checkout_With_Creditcard.java:45)
at java.base/jdk.internal.reflect.DirectMethodHandleAccessor.invoke(DirectMethodHandleAccessor.java:103)
at java.base/java.lang.reflect.Method.invoke(Method.java:580)
at org.testng.internal.invokers.MethodInvocationHelper.invokeMethod(MethodInvocationHelper.java:141)
at org.testng.internal.invokers.TestInvoker.invokeMethod(TestInvoker.java:686)
at org.testng.internal.invokers.TestInvoker.invokeTestMethod(TestInvoker.java:230)
at org.testng.internal.invokers.MethodRunner.runInSequence(MethodRunner.java:63)
at org.testng.internal.invokers.TestInvoker$MethodInvocationAgent.invoke(TestInvoker.java:992)
at org.testng.internal.invokers.TestInvoker.invokeTestMethods(TestInvoker.java:203)
at org.testng.internal.invokers.TestMethodWorker.invokeTestMethods(TestMethodWorker.java:154)
at org.testng.internal.invokers.TestMethodWorker.run(TestMethodWorker.java:134)
at java.base/java.util.ArrayList.forEach(ArrayList.java:1596)
at org.testng.TestRunner.privateRun(TestRunner.java:739)
at org.testng.TestRunner.run(TestRunner.java:614)
at org.testng.SuiteRunner.runTest(SuiteRunner.java:421)
at org.testng.SuiteRunner.runSequentially(SuiteRunner.java:413)
at org.testng.SuiteRunner.privateRun(SuiteRunner.java:373)
at org.testng.SuiteRunner.run(SuiteRunner.java:312)
at org.testng.SuiteRunnerWorker.runSuite(SuiteRunnerWorker.java:52)
at org.testng.SuiteRunnerWorker.run(SuiteRunnerWorker.java:95)
at org.testng.TestNG.runSuitesSequentially(TestNG.java:1274)
at org.testng.TestNG.runSuitesLocally(TestNG.java:1208)
at org.testng.TestNG.runSuites(TestNG.java:1112)
at org.testng.TestNG.run(TestNG.java:1079)
at org.testng.remote.AbstractRemoteTestNG.run(AbstractRemoteTestNG.java:115)
at org.testng.remote.RemoteTestNG.initAndRun(RemoteTestNG.java:293)
at org.testng.remote.RemoteTestNG.main(RemoteTestNG.java:91)
]]>
            </full-stacktrace>
          </exception> <!-- java.lang.AssertionError -->
          <reporter-output>
          </reporter-output>
        </test-method> <!-- Validating_RegisterUser_checkout_Functionality -->
        <test-method is-config="true" signature="tearDown(java.lang.reflect.Method)[pri:0, instance:testExecute.Test_DGLD_001_HF_US_RegisterUser_Checkout_With_Creditcard@3562e7c7]" started-at="2025-06-24T18:46:33 IST" name="tearDown" finished-at="2025-06-24T18:46:35 IST" duration-ms="2570" status="PASS">
          <params>
            <param index="0">
              <value>
                <![CDATA[public void testExecute.Test_DGLD_001_HF_US_RegisterUser_Checkout_With_Creditcard.Validating_RegisterUser_checkout_Functionality()]]>
              </value>
            </param>
          </params>
          <reporter-output>
          </reporter-output>
        </test-method> <!-- tearDown -->
      </class> <!-- testExecute.Test_DGLD_001_HF_US_RegisterUser_Checkout_With_Creditcard -->
    </test> <!-- Default test -->
  </suite> <!-- Default suite -->
</testng-results>
