<?xml version="1.0" encoding="UTF-8"?>
<!-- Generated by org.testng.reporters.JUnitXMLReporter -->
<testsuite ignored="0" hostname="vivek" failures="1" tests="1" name="RegisterUser_Checkout_With_Creditcard" time="60.274" errors="0" timestamp="2025-06-24T18:50:31 IST">
  <testcase classname="testExecute.Test_DGLD_001_HF_US_RegisterUser_Checkout_With_Creditcard" name="Validating_RegisterUser_checkout_Functionality" time="49.342">
    <failure type="java.lang.AssertionError" message="null">
      <![CDATA[java.lang.AssertionError: null
at Testcomponents.Hydroflask_Helper.searchProduct(Hydroflask_Helper.java:76)
at testExecute.Test_DGLD_001_HF_US_RegisterUser_Checkout_With_Creditcard.Validating_RegisterUser_checkout_Functionality(Test_DGLD_001_HF_US_RegisterUser_Checkout_With_Creditcard.java:45)
at java.base/java.util.ArrayList.forEach(ArrayList.java:1596)
... Removed 27 stack frames]]>
    </failure>
  </testcase> <!-- Validating_RegisterUser_checkout_Functionality -->
</testsuite> <!-- RegisterUser_Checkout_With_Creditcard -->
